<?xml version="1.0" encoding="UTF-8"?>
<testsuite name="com.tavisca.workshops.MoG.ParserTest" tests="3" skipped="0" failures="0" errors="0" timestamp="2019-08-17T04:41:45" hostname="RENTLAPT0065" time="0.018">
  <properties/>
  <testcase name="wordToRomanParser" classname="com.tavisca.workshops.MoG.ParserTest" time="0.013"/>
  <testcase name="creditTokenParser" classname="com.tavisca.workshops.MoG.ParserTest" time="0.0"/>
  <testcase name="parseQueryStatements" classname="com.tavisca.workshops.MoG.ParserTest" time="0.003"/>
  <system-out><![CDATA[]]></system-out>
  <system-err><![CDATA[]]></system-err>
</testsuite>
