<?xml version="1.0" encoding="UTF-8"?>
<testsuite name="com.tavisca.workshops.MoG.ValidMapTest" tests="1" skipped="0" failures="0" errors="0" timestamp="2019-08-17T04:31:25" hostname="RENTLAPT0065" time="0.015">
  <properties/>
  <testcase name="storeMetalsCreditValue" classname="com.tavisca.workshops.MoG.ValidMapTest" time="0.015"/>
  <system-out><![CDATA[]]></system-out>
  <system-err><![CDATA[]]></system-err>
</testsuite>
