<?xml version="1.0" encoding="UTF-8"?>
<testsuite name="com.tavisca.workshops.MoG.ValidMapTest" tests="2" skipped="0" failures="0" errors="0" timestamp="2019-08-14T13:12:01" hostname="RENTLAPT0065" time="0.069">
  <properties/>
  <testcase name="storeMetalsCreditValue()" classname="com.tavisca.workshops.MoG.ValidMapTest" time="0.066"/>
  <testcase name="validMapForGalacticWordOfRoman()" classname="com.tavisca.workshops.MoG.ValidMapTest" time="0.002"/>
  <system-out><![CDATA[]]></system-out>
  <system-err><![CDATA[]]></system-err>
</testsuite>
