<?xml version="1.0" encoding="UTF-8"?>
<testsuite name="com.tavisca.workshops.MoG.ParserTest" tests="3" skipped="0" failures="0" errors="0" timestamp="2019-08-13T18:17:34" hostname="RENTLAPT0065" time="0.053">
  <properties/>
  <testcase name="wordToRomanParser" classname="com.tavisca.workshops.MoG.ParserTest" time="0.047"/>
  <testcase name="creditTokenParser" classname="com.tavisca.workshops.MoG.ParserTest" time="0.001"/>
  <testcase name="parseQueryStatements" classname="com.tavisca.workshops.MoG.ParserTest" time="0.003"/>
  <system-out><![CDATA[]]></system-out>
  <system-err><![CDATA[]]></system-err>
</testsuite>
