<?xml version="1.0" encoding="UTF-8"?>
<testsuite name="com.tavisca.workshops.MoG.RomanToIntegerTest" tests="1" skipped="0" failures="0" errors="0" timestamp="2019-08-18T07:35:04" hostname="RENTLAPT0065" time="0.0">
  <properties/>
  <testcase name="romanToInteger" classname="com.tavisca.workshops.MoG.RomanToIntegerTest" time="0.0"/>
  <system-out><![CDATA[]]></system-out>
  <system-err><![CDATA[]]></system-err>
</testsuite>
