<?xml version="1.0" encoding="UTF-8"?>
<testsuite name="com.tavisca.workshops.MoG.answerToQueries" tests="1" skipped="0" failures="0" errors="0" timestamp="2019-08-13T13:56:06" hostname="RENTLAPT0065" time="0.021">
  <properties/>
  <testcase name="answerToQueries" classname="com.tavisca.workshops.MoG.answerToQueries" time="0.021"/>
  <system-out><![CDATA[]]></system-out>
  <system-err><![CDATA[]]></system-err>
</testsuite>
