<?xml version="1.0" encoding="UTF-8"?>
<testsuite name="com.tavisca.workshops.MoG.ValidMapTest" tests="2" skipped="0" failures="0" errors="0" timestamp="2019-08-13T18:17:34" hostname="RENTLAPT0065" time="0.006">
  <properties/>
  <testcase name="storeMetalsCreditValue" classname="com.tavisca.workshops.MoG.ValidMapTest" time="0.006"/>
  <testcase name="validMapForGalacticWordOfRoman" classname="com.tavisca.workshops.MoG.ValidMapTest" time="0.0"/>
  <system-out><![CDATA[]]></system-out>
  <system-err><![CDATA[]]></system-err>
</testsuite>
