<?xml version="1.0" encoding="UTF-8"?>
<testsuite name="com.tavisca.workshops.MoG.ParserTest" tests="3" skipped="0" failures="0" errors="0" timestamp="2019-08-13T13:56:06" hostname="RENTLAPT0065" time="0.049">
  <properties/>
  <testcase name="wordToRomanParser" classname="com.tavisca.workshops.MoG.ParserTest" time="0.014"/>
  <testcase name="creditTokenParser" classname="com.tavisca.workshops.MoG.ParserTest" time="0.016"/>
  <testcase name="parseQueryStatements" classname="com.tavisca.workshops.MoG.ParserTest" time="0.01"/>
  <system-out><![CDATA[]]></system-out>
  <system-err><![CDATA[]]></system-err>
</testsuite>
